\BOOKMARK [0][-]{dummy.1}{\376\377\000L\036\335\000i\000\040\000m\036\337\000\040\001\021\036\247\000u}{}% 1
\BOOKMARK [0][-]{dummy.2}{\376\377\000L\036\335\000i\000\040\000c\036\243\000m\000\040\001\241\000n}{}% 2
\BOOKMARK [0][-]{dummy.4}{\376\377\000D\000a\000n\000h\000\040\000s\000\341\000c\000h\000\040\000c\000\341\000c\000\040\000h\000\354\000n\000h\000\040\000v\036\275}{}% 3
\BOOKMARK [0][-]{dummy.6}{\376\377\000C\000\341\000c\000\040\000t\036\353\000\040\000v\000i\036\277\000t\000\040\000t\036\257\000t}{}% 4
\BOOKMARK [0][-]{dummy.9}{\376\377\000K\000\375\000\040\000h\000i\036\307\000u}{}% 5
\BOOKMARK [0][-]{chapter.12}{\376\377\0001\000\040\000G\000i\036\333\000i\000\040\000t\000h\000i\036\307\000u\000\040\000v\036\301\000\040\000O\000p\000e\000n\000\040\000W\000o\000r\000l\000d\000\040\000A\000s\000s\000u\000m\000p\000t\000i\000o\000n\000\040\000v\000\340\000\040\000S\000e\000m\000a\000n\000t\000i\000c\000\040\000W\000e\000b}{}% 6
\BOOKMARK [1][-]{section.13}{\376\377\0001\000.\0001\000\040\000O\000p\000e\000n\000\040\000W\000o\000r\000l\000d\000\040\000A\000s\000s\000u\000m\000p\000t\000i\000o\000n}{chapter.12}% 7
\BOOKMARK [2][-]{subsection.14}{\376\377\0001\000.\0001\000.\0001\000\040\000V\036\255\000y\000\040\000O\000W\000A\000\040\000v\000\340\000\040\000C\000W\000A\000\040\001\021\001\260\036\343\000c\000\040\000s\036\355\000\040\000d\036\345\000n\000g\000\040\000k\000h\000i\000\040\000n\000\340\000o\000\040\000?}{section.13}% 8
\BOOKMARK [2][-]{subsection.15}{\376\377\0001\000.\0001\000.\0002\000\040\000S\000o\000\040\000s\000\341\000n\000h\000\040\000O\000W\000A\000\040\000v\000\340\000\040\000C\000W\000A}{section.13}% 9
\BOOKMARK [2][-]{subsection.16}{\376\377\0001\000.\0001\000.\0003\000\040\000B\036\243\000n\000g\000\040\000t\036\325\000n\000g\000\040\000h\036\343\000p\000\040\000c\000\341\000c\000\040\001\021\036\267\000c\000\040\001\021\000i\036\303\000m\000\040\000c\036\347\000a\000\040\000O\000W\000A\000\040\000v\000\340\000\040\000C\000W\000A\000\040\000O\000W\000A\000C\000W\000A}{section.13}% 10
\BOOKMARK [3][-]{section*.18}{\376\377\000K\036\277\000t\000\040\000l\000u\036\255\000n}{subsection.16}% 11
\BOOKMARK [1][-]{section.19}{\376\377\0001\000.\0002\000\040\000W\000e\000b\000\040\000n\000g\036\357\000\040\000n\000g\000h\001\051\000a\000\040\000\050\000S\000e\000m\000a\000t\000i\000c\000\040\000W\000e\000b\000\051}{chapter.12}% 12
\BOOKMARK [2][-]{subsection.20}{\376\377\0001\000.\0002\000.\0001\000\040\000G\000i\036\333\000i\000\040\000t\000h\000i\036\307\000u}{section.19}% 13
\BOOKMARK [2][-]{subsection.21}{\376\377\0001\000.\0002\000.\0002\000\040\000S\000e\000m\000a\000n\000t\000i\000c\000\040\000W\000e\000b\000\040\000d\036\361\000a\000\040\000t\000r\000\352\000n\000\040\000g\000i\036\243\000\040\001\021\036\313\000n\000h\000\040\000t\000h\036\277\000\040\000g\000i\036\333\000i\000\040\000m\036\337\000\040\000\050\000O\000W\000A\000\051}{section.19}% 14
\BOOKMARK [3][-]{subsubsection.22}{\376\377\0001\000.\0002\000.\0002\000.\0001\000\040\000C\000\341\000c\000\040\000t\000i\000\352\000u\000\040\000c\000h\000u\036\251\000n\000\040\000v\000\340\000\040\000t\000h\000\340\000n\000h\000\040\000p\000h\036\247\000n\000\040\000c\036\347\000a\000\040\000S\000e\000m\000a\000n\000t\000i\000c\000\040\000W\000e\000b}{subsection.21}% 15
\BOOKMARK [4][-]{section*.24}{\376\377\000K\036\277\000t\000\040\000l\000u\036\255\000n}{subsubsection.22}% 16
\BOOKMARK [0][-]{chapter.25}{\376\377\0002\000\040\000C\000\341\000c\000\040\000n\000g\000u\000y\000\352\000n\000\040\000n\000h\000\342\000n\000\040\000d\036\253\000n\000\040\001\021\036\277\000n\000\040\000t\000\355\000n\000h\000\040\000t\000h\000i\036\277\000u\000\040\000n\000h\036\245\000t\000\040\000q\000u\000\341\000n\000\040\000t\000r\000o\000n\000g\000\040\000o\000n\000t\000o\000l\000o\000g\000y}{}% 17
\BOOKMARK [1][-]{section.26}{\376\377\0002\000.\0001\000\040\000C\000\341\000c\000\040\001\021\036\313\000n\000h\000\040\000n\000g\000h\001\051\000a\000\040\000c\036\247\000n\000\040\000l\001\260\000u\000\040\000\375\000s\000a\000t\000i\000s\000f\000y}{chapter.25}% 18
\BOOKMARK [2][-]{section*.27}{\376\377\000U\000n\000s\000a\000t\000i\000s\000f\000i\000a\000b\000l\000e\000\040\000C\000l\000a\000s\000s\000/\000C\000o\000n\000c\000e\000p\000t}{section.26}% 19
\BOOKMARK [3][-]{section*.28}{\376\377\000I\000n\000c\000o\000h\000e\000r\000e\000n\000t\000\040\000O\000n\000t\000o\000l\000o\000g\000y}{section*.27}% 20
\BOOKMARK [4][-]{section*.29}{\376\377\000I\000n\000c\000o\000n\000s\000i\000s\000t\000e\000n\000t\000\040\000O\000n\000t\000o\000l\000o\000g\000y}{section*.28}% 21
\BOOKMARK [1][-]{section.30}{\376\377\0002\000.\0002\000\040\000C\000\341\000c\000\040\000n\000g\000u\000y\000\352\000n\000\040\000n\000h\000\342\000n\000\040\000p\000h\036\325\000\040\000b\000i\036\277\000n\000\040\000d\036\253\000n\000\040\001\021\036\277\000n\000\040\000t\000\355\000n\000h\000\040\000t\000h\000i\036\277\000u\000\040\000n\000h\036\245\000t\000\040\000q\000u\000\341\000n\000\040\000\050\000I\000n\000c\000o\000n\000s\000i\000s\000t\000e\000n\000c\000y\000\051\000i\000n\000c\000o\000n\000s\000i\000t\000e\000n\000t\000R\000e\000a\000s\000o\000n}{chapter.25}% 22
\BOOKMARK [2][-]{subsection.31}{\376\377\0002\000.\0002\000.\0001\000\040\000K\000h\036\337\000i\000\040\000t\036\241\000o\000\040\000c\000\341\000\040\000t\000h\036\303\000\040\000c\000h\000o\000\040\000m\036\331\000t\000\040\000U\000n\000s\000a\000t\000i\000s\000f\000i\000a\000b\000l\000e\000\040\000C\000l\000a\000s\000s\000\051\000\040\000-\000\040\000\050\000T\000B\000o\000x\000\040\000+\000\040\000A\000B\000o\000x\000\051}{section.30}% 23
\BOOKMARK [2][-]{subsection.32}{\376\377\0002\000.\0002\000.\0002\000\040\000K\000h\036\337\000i\000\040\000t\036\241\000o\000\040\000c\000\341\000\040\000t\000h\036\303\000\040\000t\000h\000u\036\331\000c\000\040\0002\000\040\000c\000l\000a\000s\000s\000\040\001\021\001\260\036\343\000c\000\040\000d\000i\000s\000j\000o\000i\000n\000t\000\040\000v\036\333\000i\000\040\000n\000h\000a\000u\000\040\000\050\000T\000B\000o\000x\000\040\000+\000\040\000A\000B\000o\000x\000\051}{section.30}% 24
\BOOKMARK [2][-]{subsection.33}{\376\377\0002\000.\0002\000.\0003\000\040\000C\000\341\000c\000\040\000p\000h\000\341\000t\000\040\000b\000i\036\303\000u\000\040\000A\000B\000o\000x\000\040\000x\000u\000n\000g\000\040\001\021\036\331\000t\000\040\000v\036\333\000i\000\040\000n\000h\000a\000u}{section.30}% 25
\BOOKMARK [2][-]{subsection.34}{\376\377\0002\000.\0002\000.\0004\000\040\000P\000h\000\341\000t\000\040\000b\000i\036\303\000u\000\040\000x\000u\000n\000g\000\040\001\021\036\331\000t\000\040\000v\036\333\000i\000\040\000n\000g\000h\001\051\000a\000\040\000"\000o\000n\000e\000O\000f\000"\000\040\000\050\000A\000l\000l\000\040\000T\000B\000o\000x\000\051}{section.30}% 26
\BOOKMARK [2][-]{subsection.35}{\376\377\0002\000.\0002\000.\0005\000\040\000K\000h\000\364\000n\000g\000\040\000c\000\363\000\040\000k\000h\036\243\000\040\000n\001\003\000n\000g\000\040\000k\000h\036\337\000i\000\040\000t\036\241\000o\000\040\000b\036\245\000t\000\040\000k\000\354\000\040\000c\000\341\000\040\000t\000h\036\303\000\040\000n\000\340\000o\000\040\000\050\000a\000l\000l\000\040\000T\000B\000o\000x\000\051}{section.30}% 27
\BOOKMARK [3][-]{section*.36}{\376\377\000K\036\277\000t\000\040\000l\000u\036\255\000n}{subsection.35}% 28
\BOOKMARK [0][-]{chapter.37}{\376\377\0003\000\040\000G\000i\036\243\000i\000\040\000p\000h\000\341\000p\000\040\001\021\036\303\000\040\000s\036\355\000a\000\040\000c\000h\036\355\000a\000\040\000i\000n\000c\000o\000n\000s\000i\000s\000t\000e\000n\000t\000\040\000o\000n\000t\000o\000l\000o\000g\000y}{}% 29
\BOOKMARK [1][-]{section.38}{\376\377\0003\000.\0001\000\040\000M\036\345\000c\000\040\000t\000i\000\352\000u\000\040\000c\036\347\000a\000\040\000v\000i\036\307\000c\000\040\000d\000e\000b\000u\000g\000i\000n\000g\000\040\000o\000n\000t\000o\000l\000o\000g\000y}{chapter.37}% 30
\BOOKMARK [1][-]{section.39}{\376\377\0003\000.\0002\000\040\000K\000h\000\341\000i\000\040\000n\000i\036\307\000m\000\040\000v\000\340\000\040\000c\000\341\000c\000\040\000k\036\371\000\040\000t\000h\000u\036\255\000t\000\040\000c\036\247\000n\000\040\000b\000i\036\277\000t}{chapter.37}% 31
\BOOKMARK [2][-]{subsection.40}{\376\377\0003\000.\0002\000.\0001\000\040\000D\036\313\000c\000h\000\040\000v\036\345\000\040\000A\000x\000i\000o\000m\000\040\000P\000i\000n\000p\000o\000i\000n\000t\000i\000n\000g}{section.39}% 32
\BOOKMARK [3][-]{section*.41}{\376\377\000A\000x\000i\000o\000m\000\040\000P\000i\000n\000p\000o\000i\000n\000t\000i\000n\000g\000\040\000s\000e\000r\000v\000i\000c\000e}{subsection.40}% 33
\BOOKMARK [2][-]{subsection.51}{\376\377\0003\000.\0002\000.\0002\000\040\000M\000i\000n\000i\000m\000a\000l\000\040\000U\000n\000s\000a\000t\000i\000s\000f\000i\000a\000b\000i\000l\000i\000t\000y\000\040\000P\000r\000e\000s\000e\000r\000v\000i\000n\000g\000\040\000S\000u\000b\000-\000T\000B\000o\000x\000e\000s\000\040\000\050\000M\000U\000P\000S\000\051}{section.39}% 34
\BOOKMARK [1][-]{section.55}{\376\377\0003\000.\0003\000\040\000C\000\341\000c\000\040\000b\001\260\036\333\000c\000\040\000s\036\355\000a\000\040\000c\000h\036\357\000a\000\040\000c\000\341\000c\000\040\000p\000h\000\341\000t\000\040\000b\000i\036\303\000u\000\040\000b\036\313\000\040\000l\036\327\000i}{chapter.37}% 35
\BOOKMARK [2][-]{subsection.56}{\376\377\0003\000.\0003\000.\0001\000\040\000T\000\354\000m\000\040\000t\036\245\000t\000\040\000c\036\243\000\040\000c\000\341\000c\000\040\000M\000U\000P\000S\000\040\000c\036\347\000a\000\040\000m\036\331\000t\000\040\000U\000n\000s\000a\000t\000i\000s\000f\000i\000a\000b\000l\000e\000\040\000C\000l\000a\000s\000s}{section.55}% 36
\BOOKMARK [2][-]{subsection.57}{\376\377\0003\000.\0003\000.\0002\000\040\000C\000h\000i\036\277\000n\000\040\000t\000h\000u\036\255\000t\000\040\000x\036\277\000p\000\040\000h\036\241\000n\000g\000\040\000c\000\341\000c\000\040\000p\000h\000\341\000t\000\040\000b\000i\036\303\000u\000\040\000\050\000A\000x\000i\000o\000m\000s\000\051}{section.55}% 37
\BOOKMARK [2][-]{subsection.58}{\376\377\0003\000.\0003\000.\0003\000\040\000T\036\241\000o\000\040\000r\000a\000\040\000c\000\341\000c\000\040\000g\000i\036\243\000i\000\040\000p\000h\000\341\000p\000\040\000s\036\355\000a\000\040\000l\036\327\000i}{section.55}% 38
\BOOKMARK [3][-]{section*.59}{\376\377\001\020\000i\036\301\000u\000\040\000c\000h\036\311\000n\000h\000\040\000g\000i\036\243\000i\000\040\000t\000h\000u\036\255\000t\000\040\000R\000e\000i\000t\000e\000r}{subsection.58}% 39
\BOOKMARK [1][-]{section.63}{\376\377\0003\000.\0004\000\040\036\350\000n\000g\000\040\000d\036\345\000n\000g\000\040\000H\000S\000T\000\040\001\021\036\303\000\040\000x\000\341\000c\000\040\001\021\036\313\000n\000h\000\040\000t\036\245\000t\000\040\000c\036\243\000\040\000k\000i\036\303\000m\000\040\000c\000h\036\351\000n\000g\000\040\000c\000h\000o\000\040\000k\036\277\000t\000\040\000q\000u\036\243\000\040\000s\000u\000y\000\040\000l\000u\036\255\000n\000m\000a\000t\000t\000h\000o\000r\000r\000i\000d\000g\000e}{chapter.37}% 40
\BOOKMARK [2][-]{section*.75}{\376\377\000E\000a\000r\000l\000y\000\040\000P\000a\000t\000h\000\040\000T\000e\000r\000m\000i\000n\000a\000t\000i\000o\000n}{section.63}% 41
\BOOKMARK [3][-]{section*.77}{\376\377\000J\000u\000s\000t\000i\000f\000i\000c\000a\000t\000i\000o\000n\000\040\000R\000e\000u\000s\000e}{section*.75}% 42
\BOOKMARK [4][-]{section*.78}{\376\377\000K\036\277\000t\000\040\000l\000u\036\255\000n}{section*.77}% 43
\BOOKMARK [0][-]{dummy.79}{\376\377\000T\000\340\000i\000\040\000l\000i\003\043\000u\000\040\000t\000h\000a\000m\000\040\000k\000h\000a\000o}{}% 44
